<?xml version="1.0" encoding="UTF-8"?>
<testng-results skipped="0" failed="0" total="1" passed="1">
  <reporter-output>
  </reporter-output>
  <suite name="Default suite" duration-ms="3212" started-at="2017-03-30T20:58:12Z" finished-at="2017-03-30T20:58:16Z">
    <groups>
    </groups>
    <test name="Default test" duration-ms="3212" started-at="2017-03-30T20:58:12Z" finished-at="2017-03-30T20:58:16Z">
      <class name="restAssured">
        <test-method status="PASS" signature="datafromfile()[pri:0, instance:restAssured@754ba872]" name="datafromfile" is-config="true" duration-ms="14" started-at="2017-03-31T02:28:12Z" finished-at="2017-03-31T02:28:12Z">
          <reporter-output>
          </reporter-output>
        </test-method> <!-- datafromfile -->
        <test-method status="PASS" signature="getPlaceAPI()[pri:0, instance:restAssured@754ba872]" name="getPlaceAPI" duration-ms="3172" started-at="2017-03-31T02:28:12Z" finished-at="2017-03-31T02:28:16Z">
          <reporter-output>
          </reporter-output>
        </test-method> <!-- getPlaceAPI -->
      </class> <!-- restAssured -->
    </test> <!-- Default test -->
  </suite> <!-- Default suite -->
</testng-results>
